<?xml version="1.0" encoding="UTF-8"?>
<!-- Generated by org.testng.reporters.JUnitReportReporter -->
<testsuite hostname="DESKTOP-L196VMO" name="metatest.TestA" tests="2" failures="0" timestamp="22 Feb 2019 15:22:24 GMT" time="0.015" errors="0">
  <testcase name="test1A" time="0.013" classname="metatest.TestA"/>
  <testcase name="test2A" time="0.002" classname="metatest.TestA"/>
</testsuite> <!-- metatest.TestA -->
