<?xml version="1.0" encoding="UTF-8"?>
<!-- Generated by org.testng.reporters.JUnitReportReporter -->
<testsuite hostname="DESKTOP-L196VMO" name="calculatortesting.TestA" tests="2" failures="0" timestamp="21 Feb 2019 14:48:54 GMT" time="0.013" errors="0">
  <testcase name="test2A" time="0.001" classname="calculatortesting.TestA"/>
  <testcase name="test1A" time="0.012" classname="calculatortesting.TestA"/>
</testsuite> <!-- calculatortesting.TestA -->
