<?xml version="1.0" encoding="UTF-8"?>
<!-- Generated by org.testng.reporters.JUnitReportReporter -->
<testsuite hostname="DESKTOP-L196VMO" name="metatest.TestB" tests="2" failures="0" timestamp="22 Feb 2019 15:22:24 GMT" time="0.003" errors="0">
  <testcase name="test1B" time="0.002" classname="metatest.TestB"/>
  <testcase name="test2B" time="0.001" classname="metatest.TestB"/>
</testsuite> <!-- metatest.TestB -->
